<?xml version="1.0" encoding="UTF-8"?>
<!-- Generated by org.testng.reporters.JUnitXMLReporter -->
<testsuite hostname="Jitesh-dev" failures="0" tests="14" name="Login Test cases" time="4.991" errors="0" timestamp="18 Apr 2019 04:31:54 GMT">
  <testcase classname="org.kale.auction.Test_Cases_Modules.NOC_1" name="@BeforeClass ReadData_UserDetails" time="0.0">
    <failure type="java.lang.NullPointerException">
      <![CDATA[java.lang.NullPointerException
	at org.kale.auction.utils.WriteExcel.autoexcel(WriteExcel.java:53)
	at org.kale.auction.utils.WriteExcel.foldercreate(WriteExcel.java:40)
	at org.kale.auction.Test_Cases_Modules.NOC_1.ReadData_UserDetails(NOC_1.java:48)
... Removed 23 stack frames]]>
    </failure>
  </testcase> <!-- @BeforeClass ReadData_UserDetails -->
  <testcase classname="org.kale.auction.Test_Cases_Modules.NOC_1" name="@BeforeMethod ReadData_LineNoDetails" time="0.0">
    <skipped/>
  </testcase> <!-- @BeforeMethod ReadData_LineNoDetails -->
  <testcase classname="org.kale.auction.Test_Cases_Modules.NOC_1" name="NOC1_SaveNOC1_GeneralCargo" time="0.0">
    <skipped/>
  </testcase> <!-- NOC1_SaveNOC1_GeneralCargo -->
  <testcase classname="org.kale.auction.Test_Cases_Modules.NOC_1" name="NOC1_Save_Abandon_GeneralCargo" time="0.0">
    <skipped/>
  </testcase> <!-- NOC1_Save_Abandon_GeneralCargo -->
  <testcase classname="org.kale.auction.Test_Cases_Modules.NOC_1" name="NOC1_Save_Before30Days_NotAllow" time="0.0">
    <skipped/>
  </testcase> <!-- NOC1_Save_Before30Days_NotAllow -->
  <testcase classname="org.kale.auction.Test_Cases_Modules.NOC_1" name="NOC1_SaveNOC1_PerishableCargo_After_7_Days" time="0.0">
    <skipped/>
  </testcase> <!-- NOC1_SaveNOC1_PerishableCargo_After_7_Days -->
  <testcase classname="org.kale.auction.Test_Cases_Modules.NOC_1" name="NOC1_SaveNOC1_PerishableCargo_Before_7_Days" time="0.0">
    <skipped/>
  </testcase> <!-- NOC1_SaveNOC1_PerishableCargo_Before_7_Days -->
  <testcase classname="org.kale.auction.Test_Cases_Modules.NOC_1" name="NOC1_Save_Abandon_PerishableCargo" time="0.0">
    <skipped/>
  </testcase> <!-- NOC1_Save_Abandon_PerishableCargo -->
  <testcase classname="org.kale.auction.Test_Cases_Modules.NOC_1" name="NOC1_Edit" time="0.0">
    <skipped/>
  </testcase> <!-- NOC1_Edit -->
  <testcase classname="org.kale.auction.Test_Cases_Modules.NOC_1" name="Redirect_NOC1_to_UCCDashboard" time="0.0">
    <skipped/>
  </testcase> <!-- Redirect_NOC1_to_UCCDashboard -->
  <testcase classname="org.kale.auction.Test_Cases_Modules.NOC_1" name="NOC1_CustomUser_OnlyViewNotice01_From_UCCDashboard" time="0.0">
    <skipped/>
  </testcase> <!-- NOC1_CustomUser_OnlyViewNotice01_From_UCCDashboard -->
  <testcase classname="org.kale.auction.Test_Cases_Modules.NOC_1" name="NOC1_CustomUser_Redirect_Notice01_To_UCCDashboard" time="0.0">
    <skipped/>
  </testcase> <!-- NOC1_CustomUser_Redirect_Notice01_To_UCCDashboard -->
  <testcase classname="org.kale.auction.Test_Cases_Modules.NOC_1" name="NOC1_CustomUser_OnlyViewNotice01_From_NOCDashboard" time="0.0">
    <skipped/>
  </testcase> <!-- NOC1_CustomUser_OnlyViewNotice01_From_NOCDashboard -->
  <testcase classname="org.kale.auction.Test_Cases_Modules.NOC_1" name="NOC1_CustomUser_Redirect_Notice01_To_NOCDashboard" time="0.0">
    <skipped/>
  </testcase> <!-- NOC1_CustomUser_Redirect_Notice01_To_NOCDashboard -->
  <testcase classname="org.kale.auction.Test_Cases_Modules.NOC_1" name="NOC1_GroupUser_OnlyViewNotice01_From_GroupNOCDashboard" time="0.0">
    <skipped/>
  </testcase> <!-- NOC1_GroupUser_OnlyViewNotice01_From_GroupNOCDashboard -->
  <testcase classname="org.kale.auction.Test_Cases_Modules.NOC_1" name="NOC1_GroupUser_Redirect_Notice01_To_GroupNOCDashboard" time="0.0">
    <skipped/>
  </testcase> <!-- NOC1_GroupUser_Redirect_Notice01_To_GroupNOCDashboard -->
</testsuite> <!-- Login Test cases -->
